[debug] [2022-11-05T04:46:49.962Z] ----------------------------------------------------------------------
[debug] [2022-11-05T04:46:49.962Z] Command:       /Users/fahadahmed/.nvm/versions/node/v16.13.2/bin/node /Users/fahadahmed/.nvm/versions/node/v16.13.2/bin/firebase emulators:start
[debug] [2022-11-05T04:46:49.963Z] CLI Version:   11.16.0
[debug] [2022-11-05T04:46:49.963Z] Platform:      darwin
[debug] [2022-11-05T04:46:49.963Z] Node Version:  v16.13.2
[debug] [2022-11-05T04:46:49.963Z] Time:          Sat Nov 05 2022 10:16:49 GMT+0530 (India Standard Time)
[debug] [2022-11-05T04:46:49.963Z] ----------------------------------------------------------------------
[debug] 
[debug] [2022-11-05T04:46:49.998Z] > command requires scopes: ["email","openid","https://www.googleapis.com/auth/cloudplatformprojects.readonly","https://www.googleapis.com/auth/firebase","https://www.googleapis.com/auth/cloud-platform"]
[debug] [2022-11-05T04:46:49.998Z] > authorizing via signed-in user (contact@fhdamd.dev)
[debug] [2022-11-05T04:46:50.065Z] openjdk version "16.0.1" 2021-04-20

[debug] [2022-11-05T04:46:50.065Z] OpenJDK Runtime Environment (build 16.0.1+9-24)
OpenJDK 64-Bit Server VM (build 16.0.1+9-24, mixed mode, sharing)

[debug] [2022-11-05T04:46:50.069Z] Parsed Java major version: 16
[info] i  emulators: Starting emulators: auth, functions, firestore, pubsub, storage, eventarc {"metadata":{"emulator":{"name":"hub"},"message":"Starting emulators: auth, functions, firestore, pubsub, storage, eventarc"}}
[debug] [2022-11-05T04:46:51.155Z] [logging] Logging Emulator only supports listening on one address (127.0.0.1). Not listening on ::1
[debug] [2022-11-05T04:46:51.156Z] [auth] Authentication Emulator only supports listening on one address (127.0.0.1). Not listening on ::1
[debug] [2022-11-05T04:46:51.156Z] [firestore] Firestore Emulator only supports listening on one address (127.0.0.1). Not listening on ::1
[debug] [2022-11-05T04:46:51.156Z] [firestore.websocket] websocket server for firestore only supports listening on one address (127.0.0.1). Not listening on ::1
[debug] [2022-11-05T04:46:51.156Z] [pubsub] Pub/Sub Emulator only supports listening on one address (127.0.0.1). Not listening on ::1
[debug] [2022-11-05T04:46:51.156Z] [storage] Storage Emulator only supports listening on one address (127.0.0.1). Not listening on ::1
[debug] [2022-11-05T04:46:51.156Z] assigned listening specs for emulators {"user":{"hub":[{"address":"127.0.0.1","family":"IPv4","port":4400},{"address":"::1","family":"IPv6","port":4400}],"ui":[{"address":"127.0.0.1","family":"IPv4","port":4000},{"address":"::1","family":"IPv6","port":4000}],"logging":[{"address":"127.0.0.1","family":"IPv4","port":4500}],"auth":[{"address":"127.0.0.1","family":"IPv4","port":9099}],"firestore":[{"address":"127.0.0.1","family":"IPv4","port":8080}],"firestore.websocket":[{"address":"127.0.0.1","family":"IPv4","port":9150}],"pubsub":[{"address":"127.0.0.1","family":"IPv4","port":8085}],"storage":[{"address":"127.0.0.1","family":"IPv4","port":9199}]},"metadata":{"message":"assigned listening specs for emulators"}}
[debug] [2022-11-05T04:46:51.160Z] [hub] writing locator at /var/folders/3m/cnx97ctn6fg31ht_qlmv62080000gn/T/hub-coding-pixels-2b3e0.json
[debug] [2022-11-05T04:46:51.434Z] [functions] Functions Emulator only supports listening on one address (127.0.0.1). Not listening on ::1
[debug] [2022-11-05T04:46:51.435Z] [eventarc] Eventarc Emulator only supports listening on one address (127.0.0.1). Not listening on ::1
[debug] [2022-11-05T04:46:51.435Z] late-assigned ports for functions and eventarc emulators {"user":{"hub":[{"address":"127.0.0.1","family":"IPv4","port":4400},{"address":"::1","family":"IPv6","port":4400}],"ui":[{"address":"127.0.0.1","family":"IPv4","port":4000},{"address":"::1","family":"IPv6","port":4000}],"logging":[{"address":"127.0.0.1","family":"IPv4","port":4500}],"auth":[{"address":"127.0.0.1","family":"IPv4","port":9099}],"firestore":[{"address":"127.0.0.1","family":"IPv4","port":8080}],"firestore.websocket":[{"address":"127.0.0.1","family":"IPv4","port":9150}],"pubsub":[{"address":"127.0.0.1","family":"IPv4","port":8085}],"storage":[{"address":"127.0.0.1","family":"IPv4","port":9199}],"functions":[{"address":"127.0.0.1","family":"IPv4","port":5001}],"eventarc":[{"address":"127.0.0.1","family":"IPv4","port":9299}]},"metadata":{"message":"late-assigned ports for functions and eventarc emulators"}}
[warn] ⚠  functions: The following emulators are not running, calls to these services from the Functions emulator will affect production: database, hosting {"metadata":{"emulator":{"name":"functions"},"message":"The following emulators are not running, calls to these services from the Functions emulator will affect production: \u001b[1mdatabase, hosting\u001b[22m"}}
[info] ✔  functions: Using node@16 from host. {"metadata":{"emulator":{"name":"functions"},"message":"Using node@16 from host."}}
[debug] [2022-11-05T04:46:51.441Z] defaultcredentials: writing to file /Users/fahadahmed/.config/firebase/contact_fhdamd_dev_application_default_credentials.json
[debug] [2022-11-05T04:46:51.444Z] Setting GAC to /Users/fahadahmed/.config/firebase/contact_fhdamd_dev_application_default_credentials.json {"metadata":{"emulator":{"name":"functions"},"message":"Setting GAC to /Users/fahadahmed/.config/firebase/contact_fhdamd_dev_application_default_credentials.json"}}
[debug] [2022-11-05T04:46:51.445Z] >>> [apiv2][query] GET https://firebase.googleapis.com/v1beta1/projects/coding-pixels-2b3e0/adminSdkConfig [none]
[debug] [2022-11-05T04:46:52.205Z] <<< [apiv2][status] GET https://firebase.googleapis.com/v1beta1/projects/coding-pixels-2b3e0/adminSdkConfig 200
[debug] [2022-11-05T04:46:52.205Z] <<< [apiv2][body] GET https://firebase.googleapis.com/v1beta1/projects/coding-pixels-2b3e0/adminSdkConfig {"projectId":"coding-pixels-2b3e0","databaseURL":"https://coding-pixels-2b3e0-default-rtdb.firebaseio.com","storageBucket":"coding-pixels-2b3e0.appspot.com","locationId":"australia-southeast1"}
[debug] [2022-11-05T04:46:52.247Z] Ignoring unsupported arg: auto_download {"metadata":{"emulator":{"name":"firestore"},"message":"Ignoring unsupported arg: auto_download"}}
[debug] [2022-11-05T04:46:52.247Z] Ignoring unsupported arg: single_project_mode_error {"metadata":{"emulator":{"name":"firestore"},"message":"Ignoring unsupported arg: single_project_mode_error"}}
[debug] [2022-11-05T04:46:52.247Z] Starting Firestore Emulator with command {"binary":"java","args":["-Dgoogle.cloud_firestore.debug_log_level=FINE","-Duser.language=en","-jar","/Users/fahadahmed/.cache/firebase/emulators/cloud-firestore-emulator-v1.15.1.jar","--host","127.0.0.1","--port",8080,"--websocket_port",9150,"--project_id","coding-pixels-2b3e0","--rules","/Users/fahadahmed/development/coding-pixels/firestore.rules","--single_project_mode",true,"--functions_emulator","127.0.0.1:5001"],"optionalArgs":["port","webchannel_port","host","rules","websocket_port","functions_emulator","seed_from_export","project_id","single_project_mode"],"joinArgs":false} {"metadata":{"emulator":{"name":"firestore"},"message":"Starting Firestore Emulator with command {\"binary\":\"java\",\"args\":[\"-Dgoogle.cloud_firestore.debug_log_level=FINE\",\"-Duser.language=en\",\"-jar\",\"/Users/fahadahmed/.cache/firebase/emulators/cloud-firestore-emulator-v1.15.1.jar\",\"--host\",\"127.0.0.1\",\"--port\",8080,\"--websocket_port\",9150,\"--project_id\",\"coding-pixels-2b3e0\",\"--rules\",\"/Users/fahadahmed/development/coding-pixels/firestore.rules\",\"--single_project_mode\",true,\"--functions_emulator\",\"127.0.0.1:5001\"],\"optionalArgs\":[\"port\",\"webchannel_port\",\"host\",\"rules\",\"websocket_port\",\"functions_emulator\",\"seed_from_export\",\"project_id\",\"single_project_mode\"],\"joinArgs\":false}"}}
[info] i  firestore: Firestore Emulator logging to firestore-debug.log {"metadata":{"emulator":{"name":"firestore"},"message":"Firestore Emulator logging to \u001b[1mfirestore-debug.log\u001b[22m"}}
[debug] [2022-11-05T04:46:53.454Z] Nov 05, 2022 10:16:53 AM com.google.cloud.datastore.emulator.firestore.websocket.WebSocketServer start
INFO: Started WebSocket server on ws://127.0.0.1:9150
 {"metadata":{"emulator":{"name":"firestore"},"message":"Nov 05, 2022 10:16:53 AM com.google.cloud.datastore.emulator.firestore.websocket.WebSocketServer start\nINFO: Started WebSocket server on ws://127.0.0.1:9150\n"}}
[debug] [2022-11-05T04:46:53.471Z] API endpoint: http:// {"metadata":{"emulator":{"name":"firestore"},"message":"API endpoint: http://"}}
[debug] [2022-11-05T04:46:53.471Z] 127.0.0.1:8080
If you are using a library that supports the FIRESTORE_EMULATOR_HOST environment variable, run:
 {"metadata":{"emulator":{"name":"firestore"},"message":"127.0.0.1:8080\nIf you are using a library that supports the FIRESTORE_EMULATOR_HOST environment variable, run:\n"}}
[debug] [2022-11-05T04:46:53.472Z] 
   export FIRESTORE_EMULATOR_HOST=127.0.0.1:8080

Dev App Server is now running.

 {"metadata":{"emulator":{"name":"firestore"},"message":"\n   export FIRESTORE_EMULATOR_HOST=127.0.0.1:8080\n\nDev App Server is now running.\n\n"}}
[info] ✔  firestore: Firestore Emulator UI websocket is running on 9150. {"metadata":{"emulator":{"name":"firestore"},"message":"Firestore Emulator UI websocket is running on 9150."}}
[debug] [2022-11-05T04:46:56.208Z] Ignoring unsupported arg: projectId {"metadata":{"emulator":{"name":"pubsub"},"message":"Ignoring unsupported arg: projectId"}}
[debug] [2022-11-05T04:46:56.208Z] Ignoring unsupported arg: auto_download {"metadata":{"emulator":{"name":"pubsub"},"message":"Ignoring unsupported arg: auto_download"}}
[debug] [2022-11-05T04:46:56.208Z] Starting Pub/Sub Emulator with command {"binary":"/Users/fahadahmed/.cache/firebase/emulators/pubsub-emulator-0.1.0/pubsub-emulator/bin/cloud-pubsub-emulator","args":["--host=127.0.0.1","--port=8085"],"optionalArgs":["port","host"],"joinArgs":true} {"metadata":{"emulator":{"name":"pubsub"},"message":"Starting Pub/Sub Emulator with command {\"binary\":\"/Users/fahadahmed/.cache/firebase/emulators/pubsub-emulator-0.1.0/pubsub-emulator/bin/cloud-pubsub-emulator\",\"args\":[\"--host=127.0.0.1\",\"--port=8085\"],\"optionalArgs\":[\"port\",\"host\"],\"joinArgs\":true}"}}
[info] i  pubsub: Pub/Sub Emulator logging to pubsub-debug.log {"metadata":{"emulator":{"name":"pubsub"},"message":"Pub/Sub Emulator logging to \u001b[1mpubsub-debug.log\u001b[22m"}}
[debug] [2022-11-05T04:46:56.380Z] This is the Google Pub/Sub fake.
Implementation may be incomplete or differ from the real system.
 {"metadata":{"emulator":{"name":"pubsub"},"message":"This is the Google Pub/Sub fake.\nImplementation may be incomplete or differ from the real system.\n"}}
[debug] [2022-11-05T04:46:56.456Z] Nov 05, 2022 10:16:56 AM com.google.cloud.pubsub.testing.v1.Main main
INFO: IAM integration is disabled. IAM policy methods and ACL checks are not supported
 {"metadata":{"emulator":{"name":"pubsub"},"message":"Nov 05, 2022 10:16:56 AM com.google.cloud.pubsub.testing.v1.Main main\nINFO: IAM integration is disabled. IAM policy methods and ACL checks are not supported\n"}}
[debug] [2022-11-05T04:46:56.882Z] Nov 05, 2022 10:16:56 AM io.gapi.emulators.netty.NettyUtil applyJava7LongHostnameWorkaround
INFO: Unable to apply Java 7 long hostname workaround.
 {"metadata":{"emulator":{"name":"pubsub"},"message":"Nov 05, 2022 10:16:56 AM io.gapi.emulators.netty.NettyUtil applyJava7LongHostnameWorkaround\nINFO: Unable to apply Java 7 long hostname workaround.\n"}}
[debug] [2022-11-05T04:46:57.175Z] Nov 05, 2022 10:16:57 AM com.google.cloud.pubsub.testing.v1.Main main
INFO: Server started, listening on 8085
 {"metadata":{"emulator":{"name":"pubsub"},"message":"Nov 05, 2022 10:16:57 AM com.google.cloud.pubsub.testing.v1.Main main\nINFO: Server started, listening on 8085\n"}}
[debug] [2022-11-05T04:46:57.224Z] Ignoring unsupported arg: port {"metadata":{"emulator":{"name":"storage"},"message":"Ignoring unsupported arg: port"}}
[debug] [2022-11-05T04:46:57.285Z] Nov 05, 2022 10:16:57 AM io.gapi.emulators.grpc.GrpcServer$3 operationComplete
INFO: Adding handler(s) to newly registered Channel.
 {"metadata":{"emulator":{"name":"pubsub"},"message":"Nov 05, 2022 10:16:57 AM io.gapi.emulators.grpc.GrpcServer$3 operationComplete\nINFO: Adding handler(s) to newly registered Channel.\n"}}
[debug] [2022-11-05T04:46:58.637Z] Temp file directory for storage emulator: /var/folders/3m/cnx97ctn6fg31ht_qlmv62080000gn/T/firebase/storage/blobs {"metadata":{"emulator":{"name":"storage"},"message":"Temp file directory for storage emulator: /var/folders/3m/cnx97ctn6fg31ht_qlmv62080000gn/T/firebase/storage/blobs"}}
[debug] [2022-11-05T04:46:58.641Z] Ignoring unsupported arg: auto_download {"metadata":{"emulator":{"name":"ui"},"message":"Ignoring unsupported arg: auto_download"}}
[debug] [2022-11-05T04:46:58.641Z] Ignoring unsupported arg: port {"metadata":{"emulator":{"name":"ui"},"message":"Ignoring unsupported arg: port"}}
[debug] [2022-11-05T04:46:58.641Z] Starting Emulator UI with command {"binary":"node","args":["/Users/fahadahmed/.cache/firebase/emulators/ui-v1.11.1/server/server.js"],"optionalArgs":[],"joinArgs":false} {"metadata":{"emulator":{"name":"ui"},"message":"Starting Emulator UI with command {\"binary\":\"node\",\"args\":[\"/Users/fahadahmed/.cache/firebase/emulators/ui-v1.11.1/server/server.js\"],\"optionalArgs\":[],\"joinArgs\":false}"}}
[info] i  ui: Emulator UI logging to ui-debug.log {"metadata":{"emulator":{"name":"ui"},"message":"Emulator UI logging to \u001b[1mui-debug.log\u001b[22m"}}
[debug] [2022-11-05T04:46:58.700Z] Web / API server started at 127.0.0.1:4000
 {"metadata":{"emulator":{"name":"ui"},"message":"Web / API server started at 127.0.0.1:4000\n"}}
[debug] [2022-11-05T04:46:58.700Z] Web / API server started at ::1:4000
 {"metadata":{"emulator":{"name":"ui"},"message":"Web / API server started at ::1:4000\n"}}
[info] i  functions: Watching "/Users/fahadahmed/development/coding-pixels/functions" for Cloud Functions... {"metadata":{"emulator":{"name":"functions"},"message":"Watching \"/Users/fahadahmed/development/coding-pixels/functions\" for Cloud Functions..."}}
[debug] [2022-11-05T04:46:58.904Z] Validating nodejs source
[warn] ⚠  functions: package.json indicates an outdated version of firebase-functions. Please upgrade using npm install --save firebase-functions@latest in your functions directory. 
[warn] ⚠  functions: Please note that there will be breaking changes when you upgrade. 
[debug] [2022-11-05T04:46:59.916Z] > [functions] package.json contents: {
  "name": "functions",
  "scripts": {
    "build": "tsc",
    "build:watch": "tsc --watch",
    "serve": "npm run build && firebase emulators:start --only functions",
    "shell": "npm run build && firebase functions:shell",
    "start": "npm run shell",
    "deploy": "firebase deploy --only functions",
    "logs": "firebase functions:log"
  },
  "engines": {
    "node": "16"
  },
  "main": "lib/index.js",
  "dependencies": {
    "express": "^4.18.2",
    "express-graphql": "^0.12.0",
    "firebase-admin": "^10.2.0",
    "firebase-functions": "^3.21.0",
    "graphql": "^16.6.0"
  },
  "devDependencies": {
    "typescript": "^4.6.4"
  },
  "private": true
}
[debug] [2022-11-05T04:46:59.916Z] Building nodejs source
[debug] [2022-11-05T04:46:59.916Z] Analyzing nodejs backend spec
[debug] [2022-11-05T04:46:59.920Z] Could not find functions.yaml. Must use http discovery
[debug] [2022-11-05T04:47:00.014Z] Serving at port 9005

[debug] [2022-11-05T04:47:00.075Z] Got response from /__/functions.yaml {"endpoints":{"graphql":{"platform":"gcfv1","httpsTrigger":{},"entryPoint":"graphql"}},"specVersion":"v1alpha1","requiredAPIs":[]}
[debug] [2022-11-05T04:47:00.079Z] shutdown requested via /__/quitquitquit

[info] ✔  functions: Loaded functions definitions from source: graphql. {"metadata":{"emulator":{"name":"functions"},"message":"Loaded functions definitions from source: graphql."}}
[info] ✔  functions[us-central1-graphql]: http function initialized (http://127.0.0.1:5001/coding-pixels-2b3e0/us-central1/graphql). {"metadata":{"emulator":{"name":"functions"},"message":"\u001b[1mhttp\u001b[22m function initialized (http://127.0.0.1:5001/coding-pixels-2b3e0/us-central1/graphql)."}}
[info] 
┌─────────────────────────────────────────────────────────────┐
│ ✔  All emulators ready! It is now safe to connect your app. │
│ i  View Emulator UI at http://127.0.0.1:4000/               │
└─────────────────────────────────────────────────────────────┘

┌────────────────┬────────────────┬─────────────────────────────────┐
│ Emulator       │ Host:Port      │ View in Emulator UI             │
├────────────────┼────────────────┼─────────────────────────────────┤
│ Authentication │ 127.0.0.1:9099 │ http://127.0.0.1:4000/auth      │
├────────────────┼────────────────┼─────────────────────────────────┤
│ Functions      │ 127.0.0.1:5001 │ http://127.0.0.1:4000/functions │
├────────────────┼────────────────┼─────────────────────────────────┤
│ Firestore      │ 127.0.0.1:8080 │ http://127.0.0.1:4000/firestore │
├────────────────┼────────────────┼─────────────────────────────────┤
│ Pub/Sub        │ 127.0.0.1:8085 │ n/a                             │
├────────────────┼────────────────┼─────────────────────────────────┤
│ Storage        │ 127.0.0.1:9199 │ http://127.0.0.1:4000/storage   │
├────────────────┼────────────────┼─────────────────────────────────┤
│ Eventarc       │ 127.0.0.1:9299 │ n/a                             │
└────────────────┴────────────────┴─────────────────────────────────┘
  Emulator Hub running at 127.0.0.1:4400
  Other reserved ports: 4500, 9150

Issues? Report them at https://github.com/firebase/firebase-tools/issues and attach the *-debug.log files.
 
[debug] [2022-11-05T04:47:06.404Z] [work-queue] {"queueLength":1,"workRunningCount":0}
[debug] [2022-11-05T04:47:06.405Z] [work-queue] {"queueLength":0,"workRunningCount":1}
[debug] [2022-11-05T04:47:06.406Z] Accepted request GET /coding-pixels-2b3e0/us-central1/graphql --> us-central1-graphql
[debug] [2022-11-05T04:47:06.409Z] [functions] Runtime ready! Sending request! {"metadata":{"emulator":{"name":"functions"},"message":"[functions] Runtime ready! Sending request!"}}
[debug] [2022-11-05T04:47:06.409Z] [functions] Got req.url=/coding-pixels-2b3e0/us-central1/graphql, mapping to path=/ {"metadata":{"emulator":{"name":"functions"},"message":"[functions] Got req.url=/coding-pixels-2b3e0/us-central1/graphql, mapping to path=/"}}
[debug] [2022-11-05T04:47:06.423Z] [worker-pool] addWorker(us-central1-graphql) {"metadata":{"emulator":{"name":"functions"},"message":"[worker-pool] addWorker(us-central1-graphql)"}}
[debug] [2022-11-05T04:47:06.423Z] [worker-pool] Adding worker with key us-central1-graphql, total=1 {"metadata":{"emulator":{"name":"functions"},"message":"[worker-pool] Adding worker with key us-central1-graphql, total=1"}}
[debug] [2022-11-05T04:47:06.916Z] [runtime-status] [53405] Resolved module firebase-admin {"declared":true,"installed":true,"version":"10.3.0","resolution":"/Users/fahadahmed/development/coding-pixels/functions/node_modules/firebase-admin/lib/index.js"} {"metadata":{"emulator":{"name":"functions"},"function":{"name":"us-central1-graphql"},"extension":{},"message":"[runtime-status] [53405] Resolved module firebase-admin {\"declared\":true,\"installed\":true,\"version\":\"10.3.0\",\"resolution\":\"/Users/fahadahmed/development/coding-pixels/functions/node_modules/firebase-admin/lib/index.js\"}"}}
[debug] [2022-11-05T04:47:06.917Z] [runtime-status] [53405] Resolved module firebase-functions {"declared":true,"installed":true,"version":"3.24.1","resolution":"/Users/fahadahmed/development/coding-pixels/functions/node_modules/firebase-functions/lib/index.js"} {"metadata":{"emulator":{"name":"functions"},"function":{"name":"us-central1-graphql"},"extension":{},"message":"[runtime-status] [53405] Resolved module firebase-functions {\"declared\":true,\"installed\":true,\"version\":\"3.24.1\",\"resolution\":\"/Users/fahadahmed/development/coding-pixels/functions/node_modules/firebase-functions/lib/index.js\"}"}}
[debug] [2022-11-05T04:47:06.917Z] [runtime-status] [53405] Outgoing network have been stubbed. [{"name":"http","status":"mocked"},{"name":"http","status":"mocked"},{"name":"https","status":"mocked"},{"name":"https","status":"mocked"},{"name":"net","status":"mocked"}] {"metadata":{"emulator":{"name":"functions"},"function":{"name":"us-central1-graphql"},"extension":{},"message":"[runtime-status] [53405] Outgoing network have been stubbed. [{\"name\":\"http\",\"status\":\"mocked\"},{\"name\":\"http\",\"status\":\"mocked\"},{\"name\":\"https\",\"status\":\"mocked\"},{\"name\":\"https\",\"status\":\"mocked\"},{\"name\":\"net\",\"status\":\"mocked\"}]"}}
[debug] [2022-11-05T04:47:06.917Z] [runtime-status] [53405] Resolved module firebase-functions {"declared":true,"installed":true,"version":"3.24.1","resolution":"/Users/fahadahmed/development/coding-pixels/functions/node_modules/firebase-functions/lib/index.js"} {"metadata":{"emulator":{"name":"functions"},"function":{"name":"us-central1-graphql"},"extension":{},"message":"[runtime-status] [53405] Resolved module firebase-functions {\"declared\":true,\"installed\":true,\"version\":\"3.24.1\",\"resolution\":\"/Users/fahadahmed/development/coding-pixels/functions/node_modules/firebase-functions/lib/index.js\"}"}}
[debug] [2022-11-05T04:47:06.936Z] [runtime-status] [53405] Checked functions.config() {"config":{}} {"metadata":{"emulator":{"name":"functions"},"function":{"name":"us-central1-graphql"},"extension":{},"message":"[runtime-status] [53405] Checked functions.config() {\"config\":{}}"}}
[debug] [2022-11-05T04:47:06.936Z] [runtime-status] [53405] firebase-functions has been stubbed. {"functionsResolution":{"declared":true,"installed":true,"version":"3.24.1","resolution":"/Users/fahadahmed/development/coding-pixels/functions/node_modules/firebase-functions/lib/index.js"}} {"metadata":{"emulator":{"name":"functions"},"function":{"name":"us-central1-graphql"},"extension":{},"message":"[runtime-status] [53405] firebase-functions has been stubbed. {\"functionsResolution\":{\"declared\":true,\"installed\":true,\"version\":\"3.24.1\",\"resolution\":\"/Users/fahadahmed/development/coding-pixels/functions/node_modules/firebase-functions/lib/index.js\"}}"}}
[debug] [2022-11-05T04:47:06.936Z] [runtime-status] [53405] Resolved module firebase-functions {"declared":true,"installed":true,"version":"3.24.1","resolution":"/Users/fahadahmed/development/coding-pixels/functions/node_modules/firebase-functions/lib/index.js"} {"metadata":{"emulator":{"name":"functions"},"function":{"name":"us-central1-graphql"},"extension":{},"message":"[runtime-status] [53405] Resolved module firebase-functions {\"declared\":true,\"installed\":true,\"version\":\"3.24.1\",\"resolution\":\"/Users/fahadahmed/development/coding-pixels/functions/node_modules/firebase-functions/lib/index.js\"}"}}
[debug] [2022-11-05T04:47:06.936Z] [runtime-status] [53405] Resolved module firebase-admin {"declared":true,"installed":true,"version":"10.3.0","resolution":"/Users/fahadahmed/development/coding-pixels/functions/node_modules/firebase-admin/lib/index.js"} {"metadata":{"emulator":{"name":"functions"},"function":{"name":"us-central1-graphql"},"extension":{},"message":"[runtime-status] [53405] Resolved module firebase-admin {\"declared\":true,\"installed\":true,\"version\":\"10.3.0\",\"resolution\":\"/Users/fahadahmed/development/coding-pixels/functions/node_modules/firebase-admin/lib/index.js\"}"}}
[debug] [2022-11-05T04:47:06.936Z] [runtime-status] [53405] Resolved module firebase-functions {"declared":true,"installed":true,"version":"3.24.1","resolution":"/Users/fahadahmed/development/coding-pixels/functions/node_modules/firebase-functions/lib/index.js"} {"metadata":{"emulator":{"name":"functions"},"function":{"name":"us-central1-graphql"},"extension":{},"message":"[runtime-status] [53405] Resolved module firebase-functions {\"declared\":true,\"installed\":true,\"version\":\"3.24.1\",\"resolution\":\"/Users/fahadahmed/development/coding-pixels/functions/node_modules/firebase-functions/lib/index.js\"}"}}
[debug] [2022-11-05T04:47:06.937Z] [runtime-status] [53405] firebase-admin has been stubbed. {"adminResolution":{"declared":true,"installed":true,"version":"10.3.0","resolution":"/Users/fahadahmed/development/coding-pixels/functions/node_modules/firebase-admin/lib/index.js"}} {"metadata":{"emulator":{"name":"functions"},"function":{"name":"us-central1-graphql"},"extension":{},"message":"[runtime-status] [53405] firebase-admin has been stubbed. {\"adminResolution\":{\"declared\":true,\"installed\":true,\"version\":\"10.3.0\",\"resolution\":\"/Users/fahadahmed/development/coding-pixels/functions/node_modules/firebase-admin/lib/index.js\"}}"}}
[debug] [2022-11-05T04:47:07.000Z] [runtime-status] [53405] Functions runtime initialized. {"cwd":"/Users/fahadahmed/development/coding-pixels/functions","node_version":"16.13.2"} {"metadata":{"emulator":{"name":"functions"},"function":{"name":"us-central1-graphql"},"extension":{},"message":"[runtime-status] [53405] Functions runtime initialized. {\"cwd\":\"/Users/fahadahmed/development/coding-pixels/functions\",\"node_version\":\"16.13.2\"}"}}
[debug] [2022-11-05T04:47:07.000Z] [runtime-status] [53405] Listening to port: /var/folders/3m/cnx97ctn6fg31ht_qlmv62080000gn/T/fire_emu_174c4773d0a2c479.sock {"metadata":{"emulator":{"name":"functions"},"function":{"name":"us-central1-graphql"},"extension":{},"message":"[runtime-status] [53405] Listening to port: /var/folders/3m/cnx97ctn6fg31ht_qlmv62080000gn/T/fire_emu_174c4773d0a2c479.sock"}}
[debug] [2022-11-05T04:47:07.037Z] [worker-us-central1-graphql-e501a0b0-1572-44a7-8d91-2e6c224ed567]: IDLE {"metadata":{"emulator":{"name":"functions"},"message":"[worker-us-central1-graphql-e501a0b0-1572-44a7-8d91-2e6c224ed567]: IDLE"}}
[debug] [2022-11-05T04:47:07.037Z] [worker-pool] submitRequest(triggerId=us-central1-graphql) {"metadata":{"emulator":{"name":"functions"},"message":"[worker-pool] submitRequest(triggerId=us-central1-graphql)"}}
[debug] [2022-11-05T04:47:07.037Z] [worker-us-central1-graphql-e501a0b0-1572-44a7-8d91-2e6c224ed567]: BUSY {"metadata":{"emulator":{"name":"functions"},"message":"[worker-us-central1-graphql-e501a0b0-1572-44a7-8d91-2e6c224ed567]: BUSY"}}
[info] i  functions: Beginning execution of "graphql" {"metadata":{"emulator":{"name":"functions"},"function":{"name":"us-central1-graphql"},"extension":{},"message":"Beginning execution of \"graphql\""}}
[debug] [2022-11-05T04:47:07.051Z] [worker-us-central1-graphql-e501a0b0-1572-44a7-8d91-2e6c224ed567]: IDLE {"metadata":{"emulator":{"name":"functions"},"message":"[worker-us-central1-graphql-e501a0b0-1572-44a7-8d91-2e6c224ed567]: IDLE"}}
[debug] [2022-11-05T04:47:07.051Z] [work-queue] {"queueLength":0,"workRunningCount":0}
[info] i  functions: Finished "graphql" in 12.431167ms {"metadata":{"emulator":{"name":"functions"},"function":{"name":"us-central1-graphql"},"extension":{},"message":"Finished \"graphql\" in 12.431167ms"}}
[debug] [2022-11-05T04:47:07.125Z] Nov 05, 2022 10:17:07 AM com.google.cloud.datastore.emulator.firestore.websocket.WebSocketChannelHandler initChannel
INFO: Connected to new websocket client
 {"metadata":{"emulator":{"name":"firestore"},"message":"Nov 05, 2022 10:17:07 AM com.google.cloud.datastore.emulator.firestore.websocket.WebSocketChannelHandler initChannel\nINFO: Connected to new websocket client\n"}}
[debug] [2022-11-05T04:47:07.161Z] [work-queue] {"queueLength":1,"workRunningCount":0}
[debug] [2022-11-05T04:47:07.162Z] [work-queue] {"queueLength":0,"workRunningCount":1}
[debug] [2022-11-05T04:47:07.162Z] Accepted request POST /coding-pixels-2b3e0/us-central1/graphql? --> us-central1-graphql
[debug] [2022-11-05T04:47:07.163Z] [functions] Runtime ready! Sending request! {"metadata":{"emulator":{"name":"functions"},"message":"[functions] Runtime ready! Sending request!"}}
[debug] [2022-11-05T04:47:07.163Z] [functions] Got req.url=/coding-pixels-2b3e0/us-central1/graphql?, mapping to path=/ {"metadata":{"emulator":{"name":"functions"},"message":"[functions] Got req.url=/coding-pixels-2b3e0/us-central1/graphql?, mapping to path=/"}}
[debug] [2022-11-05T04:47:07.163Z] [worker-pool] submitRequest(triggerId=us-central1-graphql) {"metadata":{"emulator":{"name":"functions"},"message":"[worker-pool] submitRequest(triggerId=us-central1-graphql)"}}
[debug] [2022-11-05T04:47:07.163Z] [worker-us-central1-graphql-e501a0b0-1572-44a7-8d91-2e6c224ed567]: BUSY {"metadata":{"emulator":{"name":"functions"},"message":"[worker-us-central1-graphql-e501a0b0-1572-44a7-8d91-2e6c224ed567]: BUSY"}}
[info] i  functions: Beginning execution of "graphql" {"metadata":{"emulator":{"name":"functions"},"function":{"name":"us-central1-graphql"},"extension":{},"message":"Beginning execution of \"graphql\""}}
[debug] [2022-11-05T04:47:07.189Z] [worker-us-central1-graphql-e501a0b0-1572-44a7-8d91-2e6c224ed567]: IDLE {"metadata":{"emulator":{"name":"functions"},"message":"[worker-us-central1-graphql-e501a0b0-1572-44a7-8d91-2e6c224ed567]: IDLE"}}
[debug] [2022-11-05T04:47:07.189Z] [work-queue] {"queueLength":0,"workRunningCount":0}
[info] i  functions: Finished "graphql" in 16.15075ms {"metadata":{"emulator":{"name":"functions"},"function":{"name":"us-central1-graphql"},"extension":{},"message":"Finished \"graphql\" in 16.15075ms"}}
[debug] [2022-11-05T04:47:09.595Z] [work-queue] {"queueLength":1,"workRunningCount":0}
[debug] [2022-11-05T04:47:09.595Z] [work-queue] {"queueLength":0,"workRunningCount":1}
[debug] [2022-11-05T04:47:09.595Z] Accepted request POST /coding-pixels-2b3e0/us-central1/graphql? --> us-central1-graphql
[debug] [2022-11-05T04:47:09.599Z] [functions] Runtime ready! Sending request! {"metadata":{"emulator":{"name":"functions"},"message":"[functions] Runtime ready! Sending request!"}}
[debug] [2022-11-05T04:47:09.600Z] [functions] Got req.url=/coding-pixels-2b3e0/us-central1/graphql?, mapping to path=/ {"metadata":{"emulator":{"name":"functions"},"message":"[functions] Got req.url=/coding-pixels-2b3e0/us-central1/graphql?, mapping to path=/"}}
[debug] [2022-11-05T04:47:09.600Z] [worker-pool] submitRequest(triggerId=us-central1-graphql) {"metadata":{"emulator":{"name":"functions"},"message":"[worker-pool] submitRequest(triggerId=us-central1-graphql)"}}
[debug] [2022-11-05T04:47:09.600Z] [worker-us-central1-graphql-e501a0b0-1572-44a7-8d91-2e6c224ed567]: BUSY {"metadata":{"emulator":{"name":"functions"},"message":"[worker-us-central1-graphql-e501a0b0-1572-44a7-8d91-2e6c224ed567]: BUSY"}}
[info] i  functions: Beginning execution of "graphql" {"metadata":{"emulator":{"name":"functions"},"function":{"name":"us-central1-graphql"},"extension":{},"message":"Beginning execution of \"graphql\""}}
[debug] [2022-11-05T04:47:09.608Z] [worker-us-central1-graphql-e501a0b0-1572-44a7-8d91-2e6c224ed567]: IDLE {"metadata":{"emulator":{"name":"functions"},"message":"[worker-us-central1-graphql-e501a0b0-1572-44a7-8d91-2e6c224ed567]: IDLE"}}
[debug] [2022-11-05T04:47:09.609Z] [work-queue] {"queueLength":0,"workRunningCount":0}
[info] i  functions: Finished "graphql" in 3.600083ms {"metadata":{"emulator":{"name":"functions"},"function":{"name":"us-central1-graphql"},"extension":{},"message":"Finished \"graphql\" in 3.600083ms"}}
[debug] [2022-11-05T04:56:18.912Z] File /Users/fahadahmed/development/coding-pixels/functions/src/index.ts changed, reloading triggers {"metadata":{"emulator":{"name":"functions"},"message":"File /Users/fahadahmed/development/coding-pixels/functions/src/index.ts changed, reloading triggers"}}
[debug] [2022-11-05T04:56:19.916Z] Validating nodejs source
[warn] ⚠  functions: package.json indicates an outdated version of firebase-functions. Please upgrade using npm install --save firebase-functions@latest in your functions directory. 
[warn] ⚠  functions: Please note that there will be breaking changes when you upgrade. 
[debug] [2022-11-05T04:56:20.878Z] > [functions] package.json contents: {
  "name": "functions",
  "scripts": {
    "build": "tsc",
    "build:watch": "tsc --watch",
    "serve": "npm run build && firebase emulators:start --only functions",
    "shell": "npm run build && firebase functions:shell",
    "start": "npm run shell",
    "deploy": "firebase deploy --only functions",
    "logs": "firebase functions:log"
  },
  "engines": {
    "node": "16"
  },
  "main": "lib/index.js",
  "dependencies": {
    "express": "^4.18.2",
    "express-graphql": "^0.12.0",
    "firebase-admin": "^10.2.0",
    "firebase-functions": "^3.21.0",
    "graphql": "^16.6.0"
  },
  "devDependencies": {
    "typescript": "^4.6.4"
  },
  "private": true
}
[debug] [2022-11-05T04:56:20.878Z] Building nodejs source
[debug] [2022-11-05T04:56:20.878Z] Analyzing nodejs backend spec
[debug] [2022-11-05T04:56:20.878Z] Could not find functions.yaml. Must use http discovery
[debug] [2022-11-05T04:56:20.960Z] Serving at port 9005

[debug] [2022-11-05T04:56:21.006Z] Got response from /__/functions.yaml {"endpoints":{"graphql":{"platform":"gcfv1","httpsTrigger":{},"entryPoint":"graphql"}},"specVersion":"v1alpha1","requiredAPIs":[]}
[debug] [2022-11-05T04:56:21.008Z] shutdown requested via /__/quitquitquit

[info] ✔  functions: Loaded functions definitions from source: graphql. {"metadata":{"emulator":{"name":"functions"},"message":"Loaded functions definitions from source: graphql."}}
[debug] [2022-11-05T04:56:21.015Z] [worker-pool] Shutting down IDLE worker (us-central1-graphql) {"metadata":{"emulator":{"name":"functions"},"message":"[worker-pool] Shutting down IDLE worker (us-central1-graphql)"}}
[debug] [2022-11-05T04:56:21.015Z] [worker-us-central1-graphql-e501a0b0-1572-44a7-8d91-2e6c224ed567]: FINISHING {"metadata":{"emulator":{"name":"functions"},"message":"[worker-us-central1-graphql-e501a0b0-1572-44a7-8d91-2e6c224ed567]: FINISHING"}}
[debug] [2022-11-05T04:56:21.017Z] [worker-us-central1-graphql-e501a0b0-1572-44a7-8d91-2e6c224ed567]: exited {"metadata":{"emulator":{"name":"functions"},"message":"[worker-us-central1-graphql-e501a0b0-1572-44a7-8d91-2e6c224ed567]: exited"}}
[debug] [2022-11-05T04:56:21.018Z] [worker-us-central1-graphql-e501a0b0-1572-44a7-8d91-2e6c224ed567]: FINISHED {"metadata":{"emulator":{"name":"functions"},"message":"[worker-us-central1-graphql-e501a0b0-1572-44a7-8d91-2e6c224ed567]: FINISHED"}}
[debug] [2022-11-05T05:00:08.354Z] File /Users/fahadahmed/development/coding-pixels/functions/src/index.ts changed, reloading triggers {"metadata":{"emulator":{"name":"functions"},"message":"File /Users/fahadahmed/development/coding-pixels/functions/src/index.ts changed, reloading triggers"}}
[debug] [2022-11-05T05:00:09.358Z] Validating nodejs source
[warn] ⚠  functions: package.json indicates an outdated version of firebase-functions. Please upgrade using npm install --save firebase-functions@latest in your functions directory. 
[warn] ⚠  functions: Please note that there will be breaking changes when you upgrade. 
[debug] [2022-11-05T05:00:10.250Z] > [functions] package.json contents: {
  "name": "functions",
  "scripts": {
    "build": "tsc",
    "build:watch": "tsc --watch",
    "serve": "npm run build && firebase emulators:start --only functions",
    "shell": "npm run build && firebase functions:shell",
    "start": "npm run shell",
    "deploy": "firebase deploy --only functions",
    "logs": "firebase functions:log"
  },
  "engines": {
    "node": "16"
  },
  "main": "lib/index.js",
  "dependencies": {
    "express": "^4.18.2",
    "express-graphql": "^0.12.0",
    "firebase-admin": "^10.2.0",
    "firebase-functions": "^3.21.0",
    "graphql": "^16.6.0"
  },
  "devDependencies": {
    "typescript": "^4.6.4"
  },
  "private": true
}
[debug] [2022-11-05T05:00:10.251Z] Building nodejs source
[debug] [2022-11-05T05:00:10.251Z] Analyzing nodejs backend spec
[debug] [2022-11-05T05:00:10.251Z] Could not find functions.yaml. Must use http discovery
[debug] [2022-11-05T05:00:10.340Z] Serving at port 9005

[debug] [2022-11-05T05:00:10.404Z] Got response from /__/functions.yaml {"endpoints":{"graphql":{"platform":"gcfv1","httpsTrigger":{},"entryPoint":"graphql"}},"specVersion":"v1alpha1","requiredAPIs":[]}
[debug] [2022-11-05T05:00:10.406Z] shutdown requested via /__/quitquitquit

[info] ✔  functions: Loaded functions definitions from source: graphql. {"metadata":{"emulator":{"name":"functions"},"message":"Loaded functions definitions from source: graphql."}}
[debug] [2022-11-05T05:00:14.937Z] File /Users/fahadahmed/development/coding-pixels/functions/lib/index.js.map changed, reloading triggers {"metadata":{"emulator":{"name":"functions"},"message":"File /Users/fahadahmed/development/coding-pixels/functions/lib/index.js.map changed, reloading triggers"}}
[debug] [2022-11-05T05:00:14.937Z] File /Users/fahadahmed/development/coding-pixels/functions/lib/index.js changed, reloading triggers {"metadata":{"emulator":{"name":"functions"},"message":"File /Users/fahadahmed/development/coding-pixels/functions/lib/index.js changed, reloading triggers"}}
[debug] [2022-11-05T05:00:15.939Z] Validating nodejs source
[warn] ⚠  functions: package.json indicates an outdated version of firebase-functions. Please upgrade using npm install --save firebase-functions@latest in your functions directory. 
[warn] ⚠  functions: Please note that there will be breaking changes when you upgrade. 
[debug] [2022-11-05T05:00:16.494Z] > [functions] package.json contents: {
  "name": "functions",
  "scripts": {
    "build": "tsc",
    "build:watch": "tsc --watch",
    "serve": "npm run build && firebase emulators:start --only functions",
    "shell": "npm run build && firebase functions:shell",
    "start": "npm run shell",
    "deploy": "firebase deploy --only functions",
    "logs": "firebase functions:log"
  },
  "engines": {
    "node": "16"
  },
  "main": "lib/index.js",
  "dependencies": {
    "express": "^4.18.2",
    "express-graphql": "^0.12.0",
    "firebase-admin": "^10.2.0",
    "firebase-functions": "^3.21.0",
    "graphql": "^16.6.0"
  },
  "devDependencies": {
    "typescript": "^4.6.4"
  },
  "private": true
}
[debug] [2022-11-05T05:00:16.494Z] Building nodejs source
[debug] [2022-11-05T05:00:16.495Z] Analyzing nodejs backend spec
[debug] [2022-11-05T05:00:16.495Z] Could not find functions.yaml. Must use http discovery
[debug] [2022-11-05T05:00:16.560Z] Serving at port 9005

[debug] [2022-11-05T05:00:16.606Z] Got response from /__/functions.yaml {"endpoints":{"graphql":{"platform":"gcfv1","httpsTrigger":{},"entryPoint":"graphql"}},"specVersion":"v1alpha1","requiredAPIs":[]}
[debug] [2022-11-05T05:00:16.608Z] shutdown requested via /__/quitquitquit

[info] ✔  functions: Loaded functions definitions from source: graphql. {"metadata":{"emulator":{"name":"functions"},"message":"Loaded functions definitions from source: graphql."}}
[debug] [2022-11-05T05:00:45.315Z] File /Users/fahadahmed/development/coding-pixels/functions/src/index.ts changed, reloading triggers {"metadata":{"emulator":{"name":"functions"},"message":"File /Users/fahadahmed/development/coding-pixels/functions/src/index.ts changed, reloading triggers"}}
[debug] [2022-11-05T05:00:46.318Z] Validating nodejs source
[warn] ⚠  functions: package.json indicates an outdated version of firebase-functions. Please upgrade using npm install --save firebase-functions@latest in your functions directory. 
[warn] ⚠  functions: Please note that there will be breaking changes when you upgrade. 
[debug] [2022-11-05T05:00:46.897Z] > [functions] package.json contents: {
  "name": "functions",
  "scripts": {
    "build": "tsc",
    "build:watch": "tsc --watch",
    "serve": "npm run build && firebase emulators:start --only functions",
    "shell": "npm run build && firebase functions:shell",
    "start": "npm run shell",
    "deploy": "firebase deploy --only functions",
    "logs": "firebase functions:log"
  },
  "engines": {
    "node": "16"
  },
  "main": "lib/index.js",
  "dependencies": {
    "express": "^4.18.2",
    "express-graphql": "^0.12.0",
    "firebase-admin": "^10.2.0",
    "firebase-functions": "^3.21.0",
    "graphql": "^16.6.0"
  },
  "devDependencies": {
    "typescript": "^4.6.4"
  },
  "private": true
}
[debug] [2022-11-05T05:00:46.897Z] Building nodejs source
[debug] [2022-11-05T05:00:46.897Z] Analyzing nodejs backend spec
[debug] [2022-11-05T05:00:46.899Z] Could not find functions.yaml. Must use http discovery
[debug] [2022-11-05T05:00:46.964Z] Serving at port 9005

[debug] [2022-11-05T05:00:47.011Z] Got response from /__/functions.yaml {"endpoints":{"graphql":{"platform":"gcfv1","httpsTrigger":{},"entryPoint":"graphql"}},"specVersion":"v1alpha1","requiredAPIs":[]}
[debug] [2022-11-05T05:00:47.013Z] shutdown requested via /__/quitquitquit

[info] ✔  functions: Loaded functions definitions from source: graphql. {"metadata":{"emulator":{"name":"functions"},"message":"Loaded functions definitions from source: graphql."}}
[debug] [2022-11-05T05:00:57.669Z] File /Users/fahadahmed/development/coding-pixels/functions/lib/index.js.map changed, reloading triggers {"metadata":{"emulator":{"name":"functions"},"message":"File /Users/fahadahmed/development/coding-pixels/functions/lib/index.js.map changed, reloading triggers"}}
[debug] [2022-11-05T05:00:57.669Z] File /Users/fahadahmed/development/coding-pixels/functions/lib/index.js changed, reloading triggers {"metadata":{"emulator":{"name":"functions"},"message":"File /Users/fahadahmed/development/coding-pixels/functions/lib/index.js changed, reloading triggers"}}
[debug] [2022-11-05T05:00:58.673Z] Validating nodejs source
[warn] ⚠  functions: package.json indicates an outdated version of firebase-functions. Please upgrade using npm install --save firebase-functions@latest in your functions directory. 
[warn] ⚠  functions: Please note that there will be breaking changes when you upgrade. 
[debug] [2022-11-05T05:00:59.276Z] > [functions] package.json contents: {
  "name": "functions",
  "scripts": {
    "build": "tsc",
    "build:watch": "tsc --watch",
    "serve": "npm run build && firebase emulators:start --only functions",
    "shell": "npm run build && firebase functions:shell",
    "start": "npm run shell",
    "deploy": "firebase deploy --only functions",
    "logs": "firebase functions:log"
  },
  "engines": {
    "node": "16"
  },
  "main": "lib/index.js",
  "dependencies": {
    "express": "^4.18.2",
    "express-graphql": "^0.12.0",
    "firebase-admin": "^10.2.0",
    "firebase-functions": "^3.21.0",
    "graphql": "^16.6.0"
  },
  "devDependencies": {
    "typescript": "^4.6.4"
  },
  "private": true
}
[debug] [2022-11-05T05:00:59.276Z] Building nodejs source
[debug] [2022-11-05T05:00:59.276Z] Analyzing nodejs backend spec
[debug] [2022-11-05T05:00:59.276Z] Could not find functions.yaml. Must use http discovery
[debug] [2022-11-05T05:00:59.346Z] Serving at port 9005

[debug] [2022-11-05T05:00:59.393Z] Got response from /__/functions.yaml {"endpoints":{"graphql":{"platform":"gcfv1","httpsTrigger":{},"entryPoint":"graphql"}},"specVersion":"v1alpha1","requiredAPIs":[]}
[debug] [2022-11-05T05:00:59.395Z] shutdown requested via /__/quitquitquit

[info] ✔  functions: Loaded functions definitions from source: graphql. {"metadata":{"emulator":{"name":"functions"},"message":"Loaded functions definitions from source: graphql."}}
[debug] [2022-11-05T05:01:12.805Z] [work-queue] {"queueLength":1,"workRunningCount":0}
[debug] [2022-11-05T05:01:12.806Z] [work-queue] {"queueLength":0,"workRunningCount":1}
[debug] [2022-11-05T05:01:12.806Z] Accepted request GET /coding-pixels-2b3e0/us-central1/graphql --> us-central1-graphql
[debug] [2022-11-05T05:01:12.810Z] [functions] Runtime ready! Sending request! {"metadata":{"emulator":{"name":"functions"},"message":"[functions] Runtime ready! Sending request!"}}
[debug] [2022-11-05T05:01:12.811Z] [functions] Got req.url=/coding-pixels-2b3e0/us-central1/graphql, mapping to path=/ {"metadata":{"emulator":{"name":"functions"},"message":"[functions] Got req.url=/coding-pixels-2b3e0/us-central1/graphql, mapping to path=/"}}
[debug] [2022-11-05T05:01:12.811Z] [worker-pool] Cleaned up workers for us-central1-graphql: 1 --> 0 {"metadata":{"emulator":{"name":"functions"},"message":"[worker-pool] Cleaned up workers for us-central1-graphql: 1 --> 0"}}
[debug] [2022-11-05T05:01:12.820Z] [worker-pool] addWorker(us-central1-graphql) {"metadata":{"emulator":{"name":"functions"},"message":"[worker-pool] addWorker(us-central1-graphql)"}}
[debug] [2022-11-05T05:01:12.821Z] [worker-pool] Adding worker with key us-central1-graphql, total=1 {"metadata":{"emulator":{"name":"functions"},"message":"[worker-pool] Adding worker with key us-central1-graphql, total=1"}}
[debug] [2022-11-05T05:01:13.358Z] [runtime-status] [53853] Resolved module firebase-admin {"declared":true,"installed":true,"version":"10.3.0","resolution":"/Users/fahadahmed/development/coding-pixels/functions/node_modules/firebase-admin/lib/index.js"} {"metadata":{"emulator":{"name":"functions"},"function":{"name":"us-central1-graphql"},"extension":{},"message":"[runtime-status] [53853] Resolved module firebase-admin {\"declared\":true,\"installed\":true,\"version\":\"10.3.0\",\"resolution\":\"/Users/fahadahmed/development/coding-pixels/functions/node_modules/firebase-admin/lib/index.js\"}"}}
[debug] [2022-11-05T05:01:13.359Z] [runtime-status] [53853] Resolved module firebase-functions {"declared":true,"installed":true,"version":"3.24.1","resolution":"/Users/fahadahmed/development/coding-pixels/functions/node_modules/firebase-functions/lib/index.js"} {"metadata":{"emulator":{"name":"functions"},"function":{"name":"us-central1-graphql"},"extension":{},"message":"[runtime-status] [53853] Resolved module firebase-functions {\"declared\":true,\"installed\":true,\"version\":\"3.24.1\",\"resolution\":\"/Users/fahadahmed/development/coding-pixels/functions/node_modules/firebase-functions/lib/index.js\"}"}}
[debug] [2022-11-05T05:01:13.359Z] [runtime-status] [53853] Outgoing network have been stubbed. [{"name":"http","status":"mocked"},{"name":"http","status":"mocked"},{"name":"https","status":"mocked"},{"name":"https","status":"mocked"},{"name":"net","status":"mocked"}] {"metadata":{"emulator":{"name":"functions"},"function":{"name":"us-central1-graphql"},"extension":{},"message":"[runtime-status] [53853] Outgoing network have been stubbed. [{\"name\":\"http\",\"status\":\"mocked\"},{\"name\":\"http\",\"status\":\"mocked\"},{\"name\":\"https\",\"status\":\"mocked\"},{\"name\":\"https\",\"status\":\"mocked\"},{\"name\":\"net\",\"status\":\"mocked\"}]"}}
[debug] [2022-11-05T05:01:13.359Z] [runtime-status] [53853] Resolved module firebase-functions {"declared":true,"installed":true,"version":"3.24.1","resolution":"/Users/fahadahmed/development/coding-pixels/functions/node_modules/firebase-functions/lib/index.js"} {"metadata":{"emulator":{"name":"functions"},"function":{"name":"us-central1-graphql"},"extension":{},"message":"[runtime-status] [53853] Resolved module firebase-functions {\"declared\":true,\"installed\":true,\"version\":\"3.24.1\",\"resolution\":\"/Users/fahadahmed/development/coding-pixels/functions/node_modules/firebase-functions/lib/index.js\"}"}}
[debug] [2022-11-05T05:01:13.372Z] [runtime-status] [53853] Checked functions.config() {"config":{}} {"metadata":{"emulator":{"name":"functions"},"function":{"name":"us-central1-graphql"},"extension":{},"message":"[runtime-status] [53853] Checked functions.config() {\"config\":{}}"}}
[debug] [2022-11-05T05:01:13.372Z] [runtime-status] [53853] firebase-functions has been stubbed. {"functionsResolution":{"declared":true,"installed":true,"version":"3.24.1","resolution":"/Users/fahadahmed/development/coding-pixels/functions/node_modules/firebase-functions/lib/index.js"}} {"metadata":{"emulator":{"name":"functions"},"function":{"name":"us-central1-graphql"},"extension":{},"message":"[runtime-status] [53853] firebase-functions has been stubbed. {\"functionsResolution\":{\"declared\":true,\"installed\":true,\"version\":\"3.24.1\",\"resolution\":\"/Users/fahadahmed/development/coding-pixels/functions/node_modules/firebase-functions/lib/index.js\"}}"}}
[debug] [2022-11-05T05:01:13.373Z] [runtime-status] [53853] Resolved module firebase-functions {"declared":true,"installed":true,"version":"3.24.1","resolution":"/Users/fahadahmed/development/coding-pixels/functions/node_modules/firebase-functions/lib/index.js"} {"metadata":{"emulator":{"name":"functions"},"function":{"name":"us-central1-graphql"},"extension":{},"message":"[runtime-status] [53853] Resolved module firebase-functions {\"declared\":true,\"installed\":true,\"version\":\"3.24.1\",\"resolution\":\"/Users/fahadahmed/development/coding-pixels/functions/node_modules/firebase-functions/lib/index.js\"}"}}
[debug] [2022-11-05T05:01:13.373Z] [runtime-status] [53853] Resolved module firebase-admin {"declared":true,"installed":true,"version":"10.3.0","resolution":"/Users/fahadahmed/development/coding-pixels/functions/node_modules/firebase-admin/lib/index.js"} {"metadata":{"emulator":{"name":"functions"},"function":{"name":"us-central1-graphql"},"extension":{},"message":"[runtime-status] [53853] Resolved module firebase-admin {\"declared\":true,\"installed\":true,\"version\":\"10.3.0\",\"resolution\":\"/Users/fahadahmed/development/coding-pixels/functions/node_modules/firebase-admin/lib/index.js\"}"}}
[debug] [2022-11-05T05:01:13.373Z] [runtime-status] [53853] Resolved module firebase-functions {"declared":true,"installed":true,"version":"3.24.1","resolution":"/Users/fahadahmed/development/coding-pixels/functions/node_modules/firebase-functions/lib/index.js"} {"metadata":{"emulator":{"name":"functions"},"function":{"name":"us-central1-graphql"},"extension":{},"message":"[runtime-status] [53853] Resolved module firebase-functions {\"declared\":true,\"installed\":true,\"version\":\"3.24.1\",\"resolution\":\"/Users/fahadahmed/development/coding-pixels/functions/node_modules/firebase-functions/lib/index.js\"}"}}
[debug] [2022-11-05T05:01:13.373Z] [runtime-status] [53853] firebase-admin has been stubbed. {"adminResolution":{"declared":true,"installed":true,"version":"10.3.0","resolution":"/Users/fahadahmed/development/coding-pixels/functions/node_modules/firebase-admin/lib/index.js"}} {"metadata":{"emulator":{"name":"functions"},"function":{"name":"us-central1-graphql"},"extension":{},"message":"[runtime-status] [53853] firebase-admin has been stubbed. {\"adminResolution\":{\"declared\":true,\"installed\":true,\"version\":\"10.3.0\",\"resolution\":\"/Users/fahadahmed/development/coding-pixels/functions/node_modules/firebase-admin/lib/index.js\"}}"}}
[debug] [2022-11-05T05:01:13.417Z] [runtime-status] [53853] Functions runtime initialized. {"cwd":"/Users/fahadahmed/development/coding-pixels/functions","node_version":"16.13.2"} {"metadata":{"emulator":{"name":"functions"},"function":{"name":"us-central1-graphql"},"extension":{},"message":"[runtime-status] [53853] Functions runtime initialized. {\"cwd\":\"/Users/fahadahmed/development/coding-pixels/functions\",\"node_version\":\"16.13.2\"}"}}
[debug] [2022-11-05T05:01:13.417Z] [runtime-status] [53853] Listening to port: /var/folders/3m/cnx97ctn6fg31ht_qlmv62080000gn/T/fire_emu_57d6c02ba3985938.sock {"metadata":{"emulator":{"name":"functions"},"function":{"name":"us-central1-graphql"},"extension":{},"message":"[runtime-status] [53853] Listening to port: /var/folders/3m/cnx97ctn6fg31ht_qlmv62080000gn/T/fire_emu_57d6c02ba3985938.sock"}}
[debug] [2022-11-05T05:01:13.433Z] [worker-us-central1-graphql-3e9d86e3-d685-4949-9bd0-1fc7ad079b40]: IDLE {"metadata":{"emulator":{"name":"functions"},"message":"[worker-us-central1-graphql-3e9d86e3-d685-4949-9bd0-1fc7ad079b40]: IDLE"}}
[debug] [2022-11-05T05:01:13.433Z] [worker-pool] submitRequest(triggerId=us-central1-graphql) {"metadata":{"emulator":{"name":"functions"},"message":"[worker-pool] submitRequest(triggerId=us-central1-graphql)"}}
[debug] [2022-11-05T05:01:13.433Z] [worker-us-central1-graphql-3e9d86e3-d685-4949-9bd0-1fc7ad079b40]: BUSY {"metadata":{"emulator":{"name":"functions"},"message":"[worker-us-central1-graphql-3e9d86e3-d685-4949-9bd0-1fc7ad079b40]: BUSY"}}
[info] i  functions: Beginning execution of "graphql" {"metadata":{"emulator":{"name":"functions"},"function":{"name":"us-central1-graphql"},"extension":{},"message":"Beginning execution of \"graphql\""}}
[debug] [2022-11-05T05:01:13.447Z] [worker-us-central1-graphql-3e9d86e3-d685-4949-9bd0-1fc7ad079b40]: IDLE {"metadata":{"emulator":{"name":"functions"},"message":"[worker-us-central1-graphql-3e9d86e3-d685-4949-9bd0-1fc7ad079b40]: IDLE"}}
[debug] [2022-11-05T05:01:13.447Z] [work-queue] {"queueLength":0,"workRunningCount":0}
[info] i  functions: Finished "graphql" in 12.75575ms {"metadata":{"emulator":{"name":"functions"},"function":{"name":"us-central1-graphql"},"extension":{},"message":"Finished \"graphql\" in 12.75575ms"}}
[debug] [2022-11-05T05:01:13.505Z] [work-queue] {"queueLength":1,"workRunningCount":0}
[debug] [2022-11-05T05:01:13.505Z] [work-queue] {"queueLength":0,"workRunningCount":1}
[debug] [2022-11-05T05:01:13.505Z] Accepted request POST /coding-pixels-2b3e0/us-central1/graphql? --> us-central1-graphql
[debug] [2022-11-05T05:01:13.506Z] [functions] Runtime ready! Sending request! {"metadata":{"emulator":{"name":"functions"},"message":"[functions] Runtime ready! Sending request!"}}
[debug] [2022-11-05T05:01:13.506Z] [functions] Got req.url=/coding-pixels-2b3e0/us-central1/graphql?, mapping to path=/ {"metadata":{"emulator":{"name":"functions"},"message":"[functions] Got req.url=/coding-pixels-2b3e0/us-central1/graphql?, mapping to path=/"}}
[debug] [2022-11-05T05:01:13.506Z] [worker-pool] submitRequest(triggerId=us-central1-graphql) {"metadata":{"emulator":{"name":"functions"},"message":"[worker-pool] submitRequest(triggerId=us-central1-graphql)"}}
[debug] [2022-11-05T05:01:13.506Z] [worker-us-central1-graphql-3e9d86e3-d685-4949-9bd0-1fc7ad079b40]: BUSY {"metadata":{"emulator":{"name":"functions"},"message":"[worker-us-central1-graphql-3e9d86e3-d685-4949-9bd0-1fc7ad079b40]: BUSY"}}
[info] i  functions: Beginning execution of "graphql" {"metadata":{"emulator":{"name":"functions"},"function":{"name":"us-central1-graphql"},"extension":{},"message":"Beginning execution of \"graphql\""}}
[debug] [2022-11-05T05:01:13.530Z] [worker-us-central1-graphql-3e9d86e3-d685-4949-9bd0-1fc7ad079b40]: IDLE {"metadata":{"emulator":{"name":"functions"},"message":"[worker-us-central1-graphql-3e9d86e3-d685-4949-9bd0-1fc7ad079b40]: IDLE"}}
[debug] [2022-11-05T05:01:13.530Z] [work-queue] {"queueLength":0,"workRunningCount":0}
[info] i  functions: Finished "graphql" in 17.306417ms {"metadata":{"emulator":{"name":"functions"},"function":{"name":"us-central1-graphql"},"extension":{},"message":"Finished \"graphql\" in 17.306417ms"}}
[debug] [2022-11-05T05:02:04.068Z] [work-queue] {"queueLength":1,"workRunningCount":0}
[debug] [2022-11-05T05:02:04.068Z] [work-queue] {"queueLength":0,"workRunningCount":1}
[debug] [2022-11-05T05:02:04.068Z] Accepted request POST /coding-pixels-2b3e0/us-central1/graphql? --> us-central1-graphql
[debug] [2022-11-05T05:02:04.074Z] [functions] Runtime ready! Sending request! {"metadata":{"emulator":{"name":"functions"},"message":"[functions] Runtime ready! Sending request!"}}
[debug] [2022-11-05T05:02:04.074Z] [functions] Got req.url=/coding-pixels-2b3e0/us-central1/graphql?, mapping to path=/ {"metadata":{"emulator":{"name":"functions"},"message":"[functions] Got req.url=/coding-pixels-2b3e0/us-central1/graphql?, mapping to path=/"}}
[debug] [2022-11-05T05:02:04.074Z] [worker-pool] submitRequest(triggerId=us-central1-graphql) {"metadata":{"emulator":{"name":"functions"},"message":"[worker-pool] submitRequest(triggerId=us-central1-graphql)"}}
[debug] [2022-11-05T05:02:04.074Z] [worker-us-central1-graphql-3e9d86e3-d685-4949-9bd0-1fc7ad079b40]: BUSY {"metadata":{"emulator":{"name":"functions"},"message":"[worker-us-central1-graphql-3e9d86e3-d685-4949-9bd0-1fc7ad079b40]: BUSY"}}
[info] i  functions: Beginning execution of "graphql" {"metadata":{"emulator":{"name":"functions"},"function":{"name":"us-central1-graphql"},"extension":{},"message":"Beginning execution of \"graphql\""}}
[debug] [2022-11-05T05:02:04.085Z] [worker-us-central1-graphql-3e9d86e3-d685-4949-9bd0-1fc7ad079b40]: IDLE {"metadata":{"emulator":{"name":"functions"},"message":"[worker-us-central1-graphql-3e9d86e3-d685-4949-9bd0-1fc7ad079b40]: IDLE"}}
[debug] [2022-11-05T05:02:04.086Z] [work-queue] {"queueLength":0,"workRunningCount":0}
[info] i  functions: Finished "graphql" in 6.023125ms {"metadata":{"emulator":{"name":"functions"},"function":{"name":"us-central1-graphql"},"extension":{},"message":"Finished \"graphql\" in 6.023125ms"}}
